<?xml version="1.0" encoding="UTF-8"?>
<testsuite xmlns:xsi="http://www.w3.org/2001/XMLSchema-instance" xsi:noNamespaceSchemaLocation="https://maven.apache.org/surefire/maven-surefire-plugin/xsd/surefire-test-report.xsd" name="CameraHandlerTest" time="0.094" tests="5" errors="0" skipped="0" failures="0">
  <properties>
[...]
</properties>
  <testcase name="addCameraTest" classname="CameraHandlerTest" time="0.016"/>
  <testcase name="getNewFrameTest" classname="CameraHandlerTest" time="0.016"/>
  <testcase name="addNullCameraTest" classname="CameraHandlerTest" time="0.015"/>
  <testcase name="clearListTest" classname="CameraHandlerTest" time="0.016"/>
  <testcase name="getCameraTest" classname="CameraHandlerTest" time="0.031"/>
</testsuite>